2013-05-18 17:45:30 Notice: Notice (1024): Please change the value of 'Security.salt' in app/config/core.php to a salt value specific to your application in [/var/www/html/tiendaschile/users/cake/libs/debugger.php, line 684]
2013-05-18 17:45:30 Notice: Notice (1024): Please change the value of 'Security.cipherSeed' in app/config/core.php to a numeric (digits only) seed value specific to your application in [/var/www/html/tiendaschile/users/cake/libs/debugger.php, line 688]
2013-05-18 17:46:54 Notice: Notice (1024): Please change the value of 'Security.salt' in app/config/core.php to a salt value specific to your application in [/var/www/html/tiendaschile/users/cake/libs/debugger.php, line 684]
2013-05-18 17:46:54 Notice: Notice (1024): Please change the value of 'Security.cipherSeed' in app/config/core.php to a numeric (digits only) seed value specific to your application in [/var/www/html/tiendaschile/users/cake/libs/debugger.php, line 688]
2013-05-18 18:16:48 Notice: Notice (8): Undefined index: y in [/var/www/html/tiendaschile/users/app/views/tiendas/index.ctp, line 47]
2013-05-18 18:23:19 Notice: Notice (8): Undefined index: y in [/var/www/html/tiendaschile/users/app/views/tiendas/view.ctp, line 61]
2013-07-07 20:00:02 Notice: Notice (8): Undefined index: y in [/var/www/html/tiendaschile/users/app/views/ciudades/index.ctp, line 25]
2013-07-07 20:00:02 Notice: Notice (8): Undefined index: y in [/var/www/html/tiendaschile/users/app/views/ciudades/index.ctp, line 26]
2013-07-07 20:00:02 Notice: Notice (8): Undefined index: y in [/var/www/html/tiendaschile/users/app/views/ciudades/index.ctp, line 27]
2013-07-07 20:02:21 Notice: Notice (8): Undefined index: y in [/var/www/html/tiendaschile/users/app/views/ciudades/index.ctp, line 25]
2013-07-07 20:02:21 Notice: Notice (8): Undefined index: y in [/var/www/html/tiendaschile/users/app/views/ciudades/index.ctp, line 26]
2013-07-07 20:02:21 Notice: Notice (8): Undefined index: y in [/var/www/html/tiendaschile/users/app/views/ciudades/index.ctp, line 27]
2013-07-07 20:02:22 Notice: Notice (8): Undefined index: y in [/var/www/html/tiendaschile/users/app/views/ciudades/index.ctp, line 25]
2013-07-07 20:02:22 Notice: Notice (8): Undefined index: y in [/var/www/html/tiendaschile/users/app/views/ciudades/index.ctp, line 26]
2013-07-07 20:02:22 Notice: Notice (8): Undefined index: y in [/var/www/html/tiendaschile/users/app/views/ciudades/index.ctp, line 27]
2013-07-07 20:03:07 Notice: Notice (8): Undefined index: y in [/var/www/html/tiendaschile/users/app/views/ciudades/index.ctp, line 25]
2013-07-07 20:03:07 Notice: Notice (8): Undefined index: y in [/var/www/html/tiendaschile/users/app/views/ciudades/index.ctp, line 26]
2013-07-07 20:03:07 Notice: Notice (8): Undefined index: y in [/var/www/html/tiendaschile/users/app/views/ciudades/index.ctp, line 27]
2013-07-07 20:03:08 Notice: Notice (8): Undefined index: y in [/var/www/html/tiendaschile/users/app/views/ciudades/index.ctp, line 25]
2013-07-07 20:03:08 Notice: Notice (8): Undefined index: y in [/var/www/html/tiendaschile/users/app/views/ciudades/index.ctp, line 26]
2013-07-07 20:03:08 Notice: Notice (8): Undefined index: y in [/var/www/html/tiendaschile/users/app/views/ciudades/index.ctp, line 27]
2013-07-07 20:03:09 Notice: Notice (8): Undefined index: y in [/var/www/html/tiendaschile/users/app/views/ciudades/index.ctp, line 25]
2013-07-07 20:03:09 Notice: Notice (8): Undefined index: y in [/var/www/html/tiendaschile/users/app/views/ciudades/index.ctp, line 26]
2013-07-07 20:03:09 Notice: Notice (8): Undefined index: y in [/var/www/html/tiendaschile/users/app/views/ciudades/index.ctp, line 27]
2013-07-07 20:18:43 Notice: Notice (8): Undefined property: View::$Auth in [/var/www/html/tiendaschile/users/app/views/pages/home.ctp, line 4]
2013-07-07 20:19:06 Notice: Notice (8): Undefined property: View::$Auth in [/var/www/html/tiendaschile/users/app/views/pages/home.ctp, line 4]
2013-07-07 20:39:32 Notice: Notice (8): Undefined property: MembersController::$Persona in [/var/www/html/tiendaschile/users/app/controllers/members_controller.php, line 20]
2013-07-07 20:39:59 Notice: Notice (8): Undefined index: Member.email in [/var/www/html/tiendaschile/users/app/controllers/members_controller.php, line 20]
2013-07-07 20:39:59 Notice: Notice (8): Undefined index: Member.password in [/var/www/html/tiendaschile/users/app/controllers/members_controller.php, line 20]
2013-07-07 20:40:13 Notice: Notice (8): Undefined index: Member.email in [/var/www/html/tiendaschile/users/app/controllers/members_controller.php, line 20]
2013-07-07 20:40:13 Notice: Notice (8): Undefined index: Member.password in [/var/www/html/tiendaschile/users/app/controllers/members_controller.php, line 20]
2013-07-07 21:11:36 Notice: Notice (8): Undefined property: View::$read in [/var/www/html/tiendaschile/users/app/views/pages/home.ctp, line 4]
2013-07-07 21:11:59 Notice: Notice (8): Undefined property: SessionHelper::$read in [/var/www/html/tiendaschile/users/app/views/pages/home.ctp, line 4]
2013-07-07 21:12:07 Notice: Notice (8): Undefined property: SessionHelper::$user in [/var/www/html/tiendaschile/users/app/views/pages/home.ctp, line 4]
2013-07-07 21:12:47 Notice: Notice (8): Undefined property: View::$Auth in [/var/www/html/tiendaschile/users/app/views/pages/home.ctp, line 4]
2013-07-07 21:12:55 Notice: Notice (8): Undefined property: View::$Auth in [/var/www/html/tiendaschile/users/app/views/pages/home.ctp, line 4]
2013-07-07 21:17:32 Notice: Notice (8): Undefined property: View::$Auth in [/var/www/html/tiendaschile/users/app/views/pages/home.ctp, line 4]
2013-07-07 21:42:35 Notice: Notice (8): Undefined property: View::$Auth in [/var/www/html/tiendaschile/users/app/views/pages/home.ctp, line 4]
2013-07-07 21:45:52 Notice: Notice (8): Undefined index: password in [/var/www/html/tiendaschile/users/app/controllers/members_controller.php, line 20]
2013-07-07 21:46:59 Notice: Notice (8): Undefined property: View::$Auth in [/var/www/html/tiendaschile/users/app/views/pages/home.ctp, line 4]
2013-07-07 23:20:12 Notice: Notice (8): Undefined index: y in [/var/www/html/tiendaschile/users/app/views/tiendas/index.ctp, line 47]
2013-07-07 23:20:24 Notice: Notice (8): Undefined index: y in [/var/www/html/tiendaschile/users/app/views/tiendas/index.ctp, line 47]
2013-07-07 23:21:43 Notice: Notice (8): Undefined index: y in [/var/www/html/tiendaschile/users/app/views/tiendas/index.ctp, line 47]
2013-07-07 23:21:59 Notice: Notice (8): Undefined index: y in [/var/www/html/tiendaschile/users/app/views/tiendas/index.ctp, line 47]
2013-07-07 23:23:22 Notice: Notice (8): Undefined index: y in [/var/www/html/tiendaschile/users/app/views/tiendas/index.ctp, line 47]
2013-07-07 23:23:24 Notice: Notice (8): Undefined property: Tienda::$Ciudad in [/var/www/html/tiendaschile/users/app/controllers/tiendas_controller.php, line 29]
2013-07-07 23:25:18 Notice: Notice (8): Undefined property: Tienda::$Ciudad in [/var/www/html/tiendaschile/users/app/controllers/tiendas_controller.php, line 29]
2013-12-10 23:27:27 Notice: Notice (8): Undefined variable: premium in [/var/www/html/tiendaschile/users/app/controllers/members_controller.php, line 6]
2013-12-10 23:28:19 Notice: Notice (8): Undefined variable: premium in [/var/www/html/tiendaschile/users/app/controllers/members_controller.php, line 6]
2013-12-10 23:28:23 Notice: Notice (8): Undefined variable: premium in [/var/www/html/tiendaschile/users/app/controllers/members_controller.php, line 6]
2013-12-10 23:28:24 Notice: Notice (8): Undefined variable: premium in [/var/www/html/tiendaschile/users/app/controllers/members_controller.php, line 6]
2013-12-10 23:31:28 Notice: Notice (8): Undefined variable: premium in [/var/www/html/tiendaschile/users/app/controllers/members_controller.php, line 6]
2013-12-10 23:31:29 Notice: Notice (8): Undefined variable: premium in [/var/www/html/tiendaschile/users/app/controllers/members_controller.php, line 6]
